running develop
running egg_info
creating wall_follower_sim.egg-info
writing wall_follower_sim.egg-info/PKG-INFO
writing dependency_links to wall_follower_sim.egg-info/dependency_links.txt
writing entry points to wall_follower_sim.egg-info/entry_points.txt
writing requirements to wall_follower_sim.egg-info/requires.txt
writing top-level names to wall_follower_sim.egg-info/top_level.txt
writing manifest file 'wall_follower_sim.egg-info/SOURCES.txt'
reading manifest file 'wall_follower_sim.egg-info/SOURCES.txt'
writing manifest file 'wall_follower_sim.egg-info/SOURCES.txt'
running build_ext
Creating /home/jekiijekk/ros2_ws/install/wall_follower_sim/lib/python3.10/site-packages/wall-follower-sim.egg-link (link to .)
Installing wall_follower script to /home/jekiijekk/ros2_ws/install/wall_follower_sim/lib/wall_follower_sim

Installed /home/jekiijekk/ros2_ws/build/wall_follower_sim
running symlink_data
creating /home/jekiijekk/ros2_ws/install/wall_follower_sim/share/ament_index
creating /home/jekiijekk/ros2_ws/install/wall_follower_sim/share/ament_index/resource_index
creating /home/jekiijekk/ros2_ws/install/wall_follower_sim/share/ament_index/resource_index/packages
symbolically linking /home/jekiijekk/ros2_ws/build/wall_follower_sim/resource/wall_follower_sim -> /home/jekiijekk/ros2_ws/install/wall_follower_sim/share/ament_index/resource_index/packages
symbolically linking /home/jekiijekk/ros2_ws/build/wall_follower_sim/package.xml -> /home/jekiijekk/ros2_ws/install/wall_follower_sim/share/wall_follower_sim
creating /home/jekiijekk/ros2_ws/install/wall_follower_sim/share/wall_follower_sim/launch
symbolically linking /home/jekiijekk/ros2_ws/build/wall_follower_sim/launch/simulation.launch.py -> /home/jekiijekk/ros2_ws/install/wall_follower_sim/share/wall_follower_sim/launch
creating /home/jekiijekk/ros2_ws/install/wall_follower_sim/share/wall_follower_sim/urdf
symbolically linking /home/jekiijekk/ros2_ws/build/wall_follower_sim/urdf/robot.urdf -> /home/jekiijekk/ros2_ws/install/wall_follower_sim/share/wall_follower_sim/urdf
creating /home/jekiijekk/ros2_ws/install/wall_follower_sim/share/wall_follower_sim/worlds
