[2.071s] Invoking command in '/home/jekiijekk/ros2_ws/build/wall_follower_sim': PYTHONPATH=/home/jekiijekk/ros2_ws/build/wall_follower_sim/prefix_override:/usr/lib/python3/dist-packages/colcon_core/task/python/colcon_distutils_commands:/home/jekiijekk/ros2_ws/install/wall_follower_sim/lib/python3.10/site-packages:${PYTHONPATH} /usr/bin/python3 -W ignore:setup.py install is deprecated -W ignore:easy_install command is deprecated setup.py develop --editable --build-directory /home/jekiijekk/ros2_ws/build/wall_follower_sim/build --no-deps symlink_data
[2.464s] running develop
[2.715s] running egg_info
[2.715s] creating wall_follower_sim.egg-info
[2.716s] writing wall_follower_sim.egg-info/PKG-INFO
[2.717s] writing dependency_links to wall_follower_sim.egg-info/dependency_links.txt
[2.717s] writing entry points to wall_follower_sim.egg-info/entry_points.txt
[2.717s] writing requirements to wall_follower_sim.egg-info/requires.txt
[2.717s] writing top-level names to wall_follower_sim.egg-info/top_level.txt
[2.717s] writing manifest file 'wall_follower_sim.egg-info/SOURCES.txt'
[2.720s] reading manifest file 'wall_follower_sim.egg-info/SOURCES.txt'
[2.721s] writing manifest file 'wall_follower_sim.egg-info/SOURCES.txt'
[2.723s] running build_ext
[2.723s] Creating /home/jekiijekk/ros2_ws/install/wall_follower_sim/lib/python3.10/site-packages/wall-follower-sim.egg-link (link to .)
[2.725s] Installing wall_follower script to /home/jekiijekk/ros2_ws/install/wall_follower_sim/lib/wall_follower_sim
[2.726s] 
[2.727s] Installed /home/jekiijekk/ros2_ws/build/wall_follower_sim
[2.727s] running symlink_data
[2.727s] creating /home/jekiijekk/ros2_ws/install/wall_follower_sim/share/ament_index
[2.727s] creating /home/jekiijekk/ros2_ws/install/wall_follower_sim/share/ament_index/resource_index
[2.728s] creating /home/jekiijekk/ros2_ws/install/wall_follower_sim/share/ament_index/resource_index/packages
[2.729s] symbolically linking /home/jekiijekk/ros2_ws/build/wall_follower_sim/resource/wall_follower_sim -> /home/jekiijekk/ros2_ws/install/wall_follower_sim/share/ament_index/resource_index/packages
[2.730s] symbolically linking /home/jekiijekk/ros2_ws/build/wall_follower_sim/package.xml -> /home/jekiijekk/ros2_ws/install/wall_follower_sim/share/wall_follower_sim
[2.730s] creating /home/jekiijekk/ros2_ws/install/wall_follower_sim/share/wall_follower_sim/launch
[2.730s] symbolically linking /home/jekiijekk/ros2_ws/build/wall_follower_sim/launch/simulation.launch.py -> /home/jekiijekk/ros2_ws/install/wall_follower_sim/share/wall_follower_sim/launch
[2.731s] creating /home/jekiijekk/ros2_ws/install/wall_follower_sim/share/wall_follower_sim/urdf
[2.732s] symbolically linking /home/jekiijekk/ros2_ws/build/wall_follower_sim/urdf/robot.urdf -> /home/jekiijekk/ros2_ws/install/wall_follower_sim/share/wall_follower_sim/urdf
[2.733s] creating /home/jekiijekk/ros2_ws/install/wall_follower_sim/share/wall_follower_sim/worlds
[2.775s] Invoked command in '/home/jekiijekk/ros2_ws/build/wall_follower_sim' returned '0': PYTHONPATH=/home/jekiijekk/ros2_ws/build/wall_follower_sim/prefix_override:/usr/lib/python3/dist-packages/colcon_core/task/python/colcon_distutils_commands:/home/jekiijekk/ros2_ws/install/wall_follower_sim/lib/python3.10/site-packages:${PYTHONPATH} /usr/bin/python3 -W ignore:setup.py install is deprecated -W ignore:easy_install command is deprecated setup.py develop --editable --build-directory /home/jekiijekk/ros2_ws/build/wall_follower_sim/build --no-deps symlink_data
